<?xml version="1.0" encoding="UTF-8"?>
<!-- Generated by org.testng.reporters.JUnitReportReporter -->
<testsuite hostname="Satish2700-01" name="apiTest.E2E_Test" tests="1" failures="0" timestamp="24 Apr 2020 12:27:40 GMT" time="3.700" errors="0">
  <testcase name="e2e_test" time="3.700" classname="apiTest.E2E_Test"/>
</testsuite> <!-- apiTest.E2E_Test -->
